#
# A fatal error has been detected by the Java Runtime Environment:
#
#  SIGSEGV (0xb) at pc=0x000000011537faa2, pid=15310, tid=0x0000000000000d03
#
# JRE version: Java(TM) SE Runtime Environment (8.0_241-b07) (build 1.8.0_241-b07)
# Java VM: Java HotSpot(TM) 64-Bit Server VM (25.241-b07 mixed mode bsd-amd64 compressed oops)
# Problematic frame:
# j  dev.codesquad.airbnb02.user.business.UserServiceTest.즐겨찾기가_취소된다()V+29
#
# Failed to write core dump. Core dumps have been disabled. To enable core dumping, try "ulimit -c unlimited" before starting Java again
#
# If you would like to submit a bug report, please visit:
#   http://bugreport.java.com/bugreport/crash.jsp
#

---------------  T H R E A D  ---------------

Current thread (0x00007fec3480e800):  JavaThread "main" [_thread_in_Java, id=3331, stack(0x000070000eaad000,0x000070000ebad000)]

siginfo: si_signo: 11 (SIGSEGV), si_code: 1 (SEGV_MAPERR), si_addr: 0x000000082f8128e2

Registers:
RAX=0x00007fec34444170, RBX=0x00000007c010c390, RCX=0x000000006f706552, RDX=0x000000079a41dc18
RSP=0x000070000ebaa038, RBP=0x000070000ebaa078, RSI=0x0000000000000007, RDI=0x0000000000000000
R8 =0x0000000000000040, R9 =0x0000000797f08c48, R10=0x0000000000000000, R11=0x0000000115544340
R12=0x0000000000000000, R13=0x000000011166fae5, R14=0x000070000ebaa098, R15=0x00007fec3480e800
RIP=0x000000011537faa2, EFLAGS=0x0000000000010283, ERR=0x0000000000000004
  TRAPNO=0x000000000000000e

Top of Stack: (sp=0x000070000ebaa038)
0x000070000ebaa038:   000070000ebaa038 000000011166fae5
0x000070000ebaa048:   000070000ebaa098 00000001117952d8
0x000070000ebaa058:   0000000000000000 000000011166fb88
0x000070000ebaa068:   0000000000000000 000070000ebaa098
0x000070000ebaa078:   000070000ebaa100 000000011534b7a7
0x000070000ebaa088:   0000000000000000 0000000000000000
0x000070000ebaa098:   00000007400123b8 0000000100001fa1
0x000070000ebaa0a8:   000000000000000a 00007fec3480e800
0x000070000ebaa0b8:   0000000000000001 000000011534b71f
0x000070000ebaa0c8:   000000011166fb88 000070000ebaa198
0x000070000ebaa0d8:   000070000ebaa4f0 000000010000000a
0x000070000ebaa0e8:   000000011166fb88 00000001153644c0
0x000070000ebaa0f8:   000070000ebaa500 000070000ebaa2b0
0x000070000ebaa108:   000000010b6f1b06 0000000100000001
0x000070000ebaa118:   00007fec3480e800 000000011122a480
0x000070000ebaa128:   000070000ebaa4f0 00007fec3450e1f8
0x000070000ebaa138:   00000001153644c0 0000000127d94b20
0x000070000ebaa148:   000070000ebaa4f8 000070000ebaa4e8
0x000070000ebaa158:   00007fec3480e800 00007fec3480e800
0x000070000ebaa168:   00007fec3450e5d0 00007fec3450e1e0
0x000070000ebaa178:   00007fec3450e210 00007fec3450e2c8
0x000070000ebaa188:   00000000000000d8 000070000ebacad0
0x000070000ebaa198:   00007fec3480e800 00007fec345186c0
0x000070000ebaa1a8:   000000011166fb88 00000007400123b8
0x000070000ebaa1b8:   000070000ebaa770 000000011595e8f7
0x000070000ebaa1c8:   0000000000000000 000070000ebaa4e8
0x000070000ebaa1d8:   00007fec3480e800 405e73f184380008
0x000070000ebaa1e8:   000000011166fb88 00007fec3480e800
0x000070000ebaa1f8:   000070000ebaa6b8 00000007c0867428
0x000070000ebaa208:   00000007c0867428 000070000ebaa470
0x000070000ebaa218:   000000011166fb88 00007fec3480e800
0x000070000ebaa228:   00007fec3480e800 000070000ebaa4e0 

Instructions: (pc=0x000000011537faa2)
0x000000011537fa82:   89 59 10 bf 01 00 00 00 48 89 79 18 48 83 c1 30
0x000000011537fa92:   48 89 4d e0 48 3b d8 0f 84 5b 00 00 00 8b 48 0c
0x000000011537faa2:   48 3b 04 0b 0f 84 4e 00 00 00 83 f9 18 0f 85 22
0x000000011537fab2:   00 00 00 50 48 8b c0 57 48 8b 7b 20 8b 0f 48 83 

Register to memory mapping:

RAX=0x00007fec34444170 is an unknown value
RBX=0x00000007c010c390 is pointing into metadata
RCX=0x000000006f706552 is an unknown value
RDX=0x000000079a41dc18 is an oop
dev.codesquad.airbnb02.domain.user.entity.User 
 - klass: 'dev/codesquad/airbnb02/domain/user/entity/User'
RSP=0x000070000ebaa038 is pointing into the stack for thread: 0x00007fec3480e800
RBP=0x000070000ebaa078 is pointing into the stack for thread: 0x00007fec3480e800
RSI=0x0000000000000007 is an unknown value
RDI=0x0000000000000000 is an unknown value
R8 =0x0000000000000040 is an unknown value
R9 =0x0000000797f08c48 is an oop
org.springframework.core.NamedThreadLocal 
 - klass: 'org/springframework/core/NamedThreadLocal'
R10=0x0000000000000000 is an unknown value
R11=0x0000000115544340 is at entry_point+32 in (nmethod*)0x00000001155441d0
R12=0x0000000000000000 is an unknown value
R13=0x000000011166fae5 is pointing into metadata
R14=0x000070000ebaa098 is pointing into the stack for thread: 0x00007fec3480e800
R15=0x00007fec3480e800 is a thread


Stack: [0x000070000eaad000,0x000070000ebad000],  sp=0x000070000ebaa038,  free space=1012k
Native frames: (J=compiled Java code, j=interpreted, Vv=VM code, C=native code)
j  dev.codesquad.airbnb02.user.business.UserServiceTest.즐겨찾기가_취소된다()V+29
v  ~StubRoutines::call_stub
V  [libjvm.dylib+0x2f1b06]  JavaCalls::call_helper(JavaValue*, methodHandle*, JavaCallArguments*, Thread*)+0x6ae
V  [libjvm.dylib+0x4d9020]  Reflection::invoke(instanceKlassHandle, methodHandle, Handle, bool, objArrayHandle, BasicType, objArrayHandle, bool, Thread*)+0xe12
V  [libjvm.dylib+0x4d9554]  Reflection::invoke_method(oopDesc*, Handle, objArrayHandle, Thread*)+0x16c
V  [libjvm.dylib+0x34a054]  JVM_InvokeMethod+0x166
J 1789  sun.reflect.NativeMethodAccessorImpl.invoke0(Ljava/lang/reflect/Method;Ljava/lang/Object;[Ljava/lang/Object;)Ljava/lang/Object; (0 bytes) @ 0x000000011595e96d [0x000000011595e880+0xed]
J 1788 C1 sun.reflect.NativeMethodAccessorImpl.invoke(Ljava/lang/Object;[Ljava/lang/Object;)Ljava/lang/Object; (104 bytes) @ 0x0000000115968b0c [0x0000000115967900+0x120c]
J 1920 C1 sun.reflect.DelegatingMethodAccessorImpl.invoke(Ljava/lang/Object;[Ljava/lang/Object;)Ljava/lang/Object; (10 bytes) @ 0x00000001159dccac [0x00000001159dcb80+0x12c]
J 1893 C1 java.lang.reflect.Method.invoke(Ljava/lang/Object;[Ljava/lang/Object;)Ljava/lang/Object; (62 bytes) @ 0x00000001159c638c [0x00000001159c5f60+0x42c]
j  org.junit.platform.commons.util.ReflectionUtils.invokeMethod(Ljava/lang/reflect/Method;Ljava/lang/Object;[Ljava/lang/Object;)Ljava/lang/Object;+41
j  org.junit.jupiter.engine.execution.MethodInvocation.proceed()Ljava/lang/Object;+16
j  org.junit.jupiter.engine.execution.InvocationInterceptorChain$ValidatingInvocation.proceed()Ljava/lang/Object;+8
j  org.junit.jupiter.engine.extension.TimeoutExtension.intercept(Lorg/junit/jupiter/api/extension/InvocationInterceptor$Invocation;Lorg/junit/jupiter/api/extension/ReflectiveInvocationContext;Lorg/junit/jupiter/api/extension/ExtensionContext;Lorg/junit/jupiter/engine/extension/TimeoutDuration;Lorg/junit/jupiter/engine/extension/TimeoutExtension$TimeoutProvider;)Ljava/lang/Object;+28
j  org.junit.jupiter.engine.extension.TimeoutExtension.interceptTestableMethod(Lorg/junit/jupiter/api/extension/InvocationInterceptor$Invocation;Lorg/junit/jupiter/api/extension/ReflectiveInvocationContext;Lorg/junit/jupiter/api/extension/ExtensionContext;Lorg/junit/jupiter/engine/extension/TimeoutExtension$TimeoutProvider;)Ljava/lang/Object;+31
j  org.junit.jupiter.engine.extension.TimeoutExtension.interceptTestMethod(Lorg/junit/jupiter/api/extension/InvocationInterceptor$Invocation;Lorg/junit/jupiter/api/extension/ReflectiveInvocationContext;Lorg/junit/jupiter/api/extension/ExtensionContext;)V+9
j  org.junit.jupiter.engine.descriptor.TestMethodTestDescriptor$$Lambda$100.apply(Lorg/junit/jupiter/api/extension/InvocationInterceptor;Lorg/junit/jupiter/api/extension/InvocationInterceptor$Invocation;Lorg/junit/jupiter/api/extension/ReflectiveInvocationContext;Lorg/junit/jupiter/api/extension/ExtensionContext;)V+5
j  org.junit.jupiter.engine.execution.ExecutableInvoker$ReflectiveInterceptorCall.lambda$ofVoidMethod$0(Lorg/junit/jupiter/engine/execution/ExecutableInvoker$ReflectiveInterceptorCall$VoidMethodInterceptorCall;Lorg/junit/jupiter/api/extension/InvocationInterceptor;Lorg/junit/jupiter/api/extension/InvocationInterceptor$Invocation;Lorg/junit/jupiter/api/extension/ReflectiveInvocationContext;Lorg/junit/jupiter/api/extension/ExtensionContext;)Ljava/lang/Void;+6
j  org.junit.jupiter.engine.execution.ExecutableInvoker$ReflectiveInterceptorCall$$Lambda$101.apply(Lorg/junit/jupiter/api/extension/InvocationInterceptor;Lorg/junit/jupiter/api/extension/InvocationInterceptor$Invocation;Lorg/junit/jupiter/api/extension/ReflectiveInvocationContext;Lorg/junit/jupiter/api/extension/ExtensionContext;)Ljava/lang/Object;+9
j  org.junit.jupiter.engine.execution.ExecutableInvoker.lambda$invoke$0(Lorg/junit/jupiter/engine/execution/ExecutableInvoker$ReflectiveInterceptorCall;Lorg/junit/jupiter/api/extension/ReflectiveInvocationContext;Lorg/junit/jupiter/api/extension/ExtensionContext;Lorg/junit/jupiter/api/extension/InvocationInterceptor;Lorg/junit/jupiter/api/extension/InvocationInterceptor$Invocation;)Ljava/lang/Object;+6
j  org.junit.jupiter.engine.execution.ExecutableInvoker$$Lambda$311.apply(Lorg/junit/jupiter/api/extension/InvocationInterceptor;Lorg/junit/jupiter/api/extension/InvocationInterceptor$Invocation;)Ljava/lang/Object;+14
j  org.junit.jupiter.engine.execution.InvocationInterceptorChain$InterceptedInvocation.proceed()Ljava/lang/Object;+12
j  org.junit.jupiter.engine.execution.InvocationInterceptorChain.proceed(Lorg/junit/jupiter/api/extension/InvocationInterceptor$Invocation;)Ljava/lang/Object;+1
j  org.junit.jupiter.engine.execution.InvocationInterceptorChain.chainAndInvoke(Lorg/junit/jupiter/api/extension/InvocationInterceptor$Invocation;Lorg/junit/jupiter/engine/execution/InvocationInterceptorChain$InterceptorCall;Ljava/util/List;)Ljava/lang/Object;+24
j  org.junit.jupiter.engine.execution.InvocationInterceptorChain.invoke(Lorg/junit/jupiter/api/extension/InvocationInterceptor$Invocation;Lorg/junit/jupiter/engine/extension/ExtensionRegistry;Lorg/junit/jupiter/engine/execution/InvocationInterceptorChain$InterceptorCall;)Ljava/lang/Object;+31
j  org.junit.jupiter.engine.execution.ExecutableInvoker.invoke(Lorg/junit/jupiter/api/extension/InvocationInterceptor$Invocation;Lorg/junit/jupiter/api/extension/ReflectiveInvocationContext;Lorg/junit/jupiter/api/extension/ExtensionContext;Lorg/junit/jupiter/engine/extension/ExtensionRegistry;Lorg/junit/jupiter/engine/execution/ExecutableInvoker$ReflectiveInterceptorCall;)Ljava/lang/Object;+15
j  org.junit.jupiter.engine.execution.ExecutableInvoker.invoke(Ljava/lang/reflect/Method;Ljava/lang/Object;Lorg/junit/jupiter/api/extension/ExtensionContext;Lorg/junit/jupiter/engine/extension/ExtensionRegistry;Lorg/junit/jupiter/engine/execution/ExecutableInvoker$ReflectiveInterceptorCall;)Ljava/lang/Object;+56
j  org.junit.jupiter.engine.descriptor.TestMethodTestDescriptor.lambda$invokeTestMethod$6(Lorg/junit/jupiter/api/extension/ExtensionContext;Lorg/junit/jupiter/engine/execution/JupiterEngineExecutionContext;)V+28
j  org.junit.jupiter.engine.descriptor.TestMethodTestDescriptor$$Lambda$1122.execute()V+12
j  org.junit.platform.engine.support.hierarchical.ThrowableCollector.execute(Lorg/junit/platform/engine/support/hierarchical/ThrowableCollector$Executable;)V+1
j  org.junit.jupiter.engine.descriptor.TestMethodTestDescriptor.invokeTestMethod(Lorg/junit/jupiter/engine/execution/JupiterEngineExecutionContext;Lorg/junit/platform/engine/support/hierarchical/Node$DynamicTestExecutor;)V+21
j  org.junit.jupiter.engine.descriptor.TestMethodTestDescriptor.execute(Lorg/junit/jupiter/engine/execution/JupiterEngineExecutionContext;Lorg/junit/platform/engine/support/hierarchical/Node$DynamicTestExecutor;)Lorg/junit/jupiter/engine/execution/JupiterEngineExecutionContext;+44
j  org.junit.jupiter.engine.descriptor.TestMethodTestDescriptor.execute(Lorg/junit/platform/engine/support/hierarchical/EngineExecutionContext;Lorg/junit/platform/engine/support/hierarchical/Node$DynamicTestExecutor;)Lorg/junit/platform/engine/support/hierarchical/EngineExecutionContext;+6
j  org.junit.platform.engine.support.hierarchical.NodeTestTask.lambda$executeRecursively$5()V+79
j  org.junit.platform.engine.support.hierarchical.NodeTestTask$$Lambda$175.execute()V+4
j  org.junit.platform.engine.support.hierarchical.ThrowableCollector.execute(Lorg/junit/platform/engine/support/hierarchical/ThrowableCollector$Executable;)V+1
j  org.junit.platform.engine.support.hierarchical.NodeTestTask.lambda$executeRecursively$7(Lorg/junit/platform/engine/support/hierarchical/EngineExecutionContext;)V+15
j  org.junit.platform.engine.support.hierarchical.NodeTestTask$$Lambda$174.invoke(Lorg/junit/platform/engine/support/hierarchical/EngineExecutionContext;)V+5
j  org.junit.platform.engine.support.hierarchical.Node.around(Lorg/junit/platform/engine/support/hierarchical/EngineExecutionContext;Lorg/junit/platform/engine/support/hierarchical/Node$Invocation;)V+2
j  org.junit.platform.engine.support.hierarchical.NodeTestTask.lambda$executeRecursively$8()V+14
j  org.junit.platform.engine.support.hierarchical.NodeTestTask$$Lambda$173.execute()V+4
j  org.junit.platform.engine.support.hierarchical.ThrowableCollector.execute(Lorg/junit/platform/engine/support/hierarchical/ThrowableCollector$Executable;)V+1
j  org.junit.platform.engine.support.hierarchical.NodeTestTask.executeRecursively()V+31
j  org.junit.platform.engine.support.hierarchical.NodeTestTask.execute()V+55
j  org.junit.platform.engine.support.hierarchical.SameThreadHierarchicalTestExecutorService$$Lambda$179.accept(Ljava/lang/Object;)V+4
j  java.util.ArrayList.forEach(Ljava/util/function/Consumer;)V+47
j  org.junit.platform.engine.support.hierarchical.SameThreadHierarchicalTestExecutorService.invokeAll(Ljava/util/List;)V+6
j  org.junit.platform.engine.support.hierarchical.NodeTestTask.lambda$executeRecursively$5()V+116
j  org.junit.platform.engine.support.hierarchical.NodeTestTask$$Lambda$175.execute()V+4
j  org.junit.platform.engine.support.hierarchical.ThrowableCollector.execute(Lorg/junit/platform/engine/support/hierarchical/ThrowableCollector$Executable;)V+1
j  org.junit.platform.engine.support.hierarchical.NodeTestTask.lambda$executeRecursively$7(Lorg/junit/platform/engine/support/hierarchical/EngineExecutionContext;)V+15
j  org.junit.platform.engine.support.hierarchical.NodeTestTask$$Lambda$174.invoke(Lorg/junit/platform/engine/support/hierarchical/EngineExecutionContext;)V+5
j  org.junit.platform.engine.support.hierarchical.Node.around(Lorg/junit/platform/engine/support/hierarchical/EngineExecutionContext;Lorg/junit/platform/engine/support/hierarchical/Node$Invocation;)V+2
j  org.junit.platform.engine.support.hierarchical.NodeTestTask.lambda$executeRecursively$8()V+14
j  org.junit.platform.engine.support.hierarchical.NodeTestTask$$Lambda$173.execute()V+4
j  org.junit.platform.engine.support.hierarchical.ThrowableCollector.execute(Lorg/junit/platform/engine/support/hierarchical/ThrowableCollector$Executable;)V+1
j  org.junit.platform.engine.support.hierarchical.NodeTestTask.executeRecursively()V+31
j  org.junit.platform.engine.support.hierarchical.NodeTestTask.execute()V+55
j  org.junit.platform.engine.support.hierarchical.SameThreadHierarchicalTestExecutorService$$Lambda$179.accept(Ljava/lang/Object;)V+4
j  java.util.ArrayList.forEach(Ljava/util/function/Consumer;)V+47
j  org.junit.platform.engine.support.hierarchical.SameThreadHierarchicalTestExecutorService.invokeAll(Ljava/util/List;)V+6
j  org.junit.platform.engine.support.hierarchical.NodeTestTask.lambda$executeRecursively$5()V+116
j  org.junit.platform.engine.support.hierarchical.NodeTestTask$$Lambda$175.execute()V+4
j  org.junit.platform.engine.support.hierarchical.ThrowableCollector.execute(Lorg/junit/platform/engine/support/hierarchical/ThrowableCollector$Executable;)V+1
j  org.junit.platform.engine.support.hierarchical.NodeTestTask.lambda$executeRecursively$7(Lorg/junit/platform/engine/support/hierarchical/EngineExecutionContext;)V+15
j  org.junit.platform.engine.support.hierarchical.NodeTestTask$$Lambda$174.invoke(Lorg/junit/platform/engine/support/hierarchical/EngineExecutionContext;)V+5
j  org.junit.platform.engine.support.hierarchical.Node.around(Lorg/junit/platform/engine/support/hierarchical/EngineExecutionContext;Lorg/junit/platform/engine/support/hierarchical/Node$Invocation;)V+2
j  org.junit.platform.engine.support.hierarchical.NodeTestTask.lambda$executeRecursively$8()V+14
j  org.junit.platform.engine.support.hierarchical.NodeTestTask$$Lambda$173.execute()V+4
j  org.junit.platform.engine.support.hierarchical.ThrowableCollector.execute(Lorg/junit/platform/engine/support/hierarchical/ThrowableCollector$Executable;)V+1
j  org.junit.platform.engine.support.hierarchical.NodeTestTask.executeRecursively()V+31
j  org.junit.platform.engine.support.hierarchical.NodeTestTask.execute()V+55
j  org.junit.platform.engine.support.hierarchical.SameThreadHierarchicalTestExecutorService.submit(Lorg/junit/platform/engine/support/hierarchical/HierarchicalTestExecutorService$TestTask;)Ljava/util/concurrent/Future;+1
j  org.junit.platform.engine.support.hierarchical.HierarchicalTestExecutor.execute()Ljava/util/concurrent/Future;+74
j  org.junit.platform.engine.support.hierarchical.HierarchicalTestEngine.execute(Lorg/junit/platform/engine/ExecutionRequest;)V+31
j  org.junit.platform.launcher.core.DefaultLauncher.execute(Lorg/junit/platform/engine/TestDescriptor;Lorg/junit/platform/engine/EngineExecutionListener;Lorg/junit/platform/engine/ConfigurationParameters;Lorg/junit/platform/engine/TestEngine;)V+24
j  org.junit.platform.launcher.core.DefaultLauncher.lambda$execute$5(Lorg/junit/platform/launcher/core/InternalTestPlan;Lorg/junit/platform/launcher/core/Root;Lorg/junit/platform/engine/ConfigurationParameters;Lorg/junit/platform/launcher/TestExecutionListener;)V+105
j  org.junit.platform.launcher.core.DefaultLauncher$$Lambda$133.accept(Ljava/lang/Object;)V+20
j  org.junit.platform.launcher.core.DefaultLauncher.withInterceptedStreams(Lorg/junit/platform/engine/ConfigurationParameters;Lorg/junit/platform/launcher/core/TestExecutionListenerRegistry;Ljava/util/function/Consumer;)V+43
j  org.junit.platform.launcher.core.DefaultLauncher.execute(Lorg/junit/platform/launcher/core/InternalTestPlan;[Lorg/junit/platform/launcher/TestExecutionListener;)V+33
j  org.junit.platform.launcher.core.DefaultLauncher.execute(Lorg/junit/platform/launcher/LauncherDiscoveryRequest;[Lorg/junit/platform/launcher/TestExecutionListener;)V+33
j  com.intellij.junit5.JUnit5IdeaTestRunner.startRunnerWithArgs([Ljava/lang/String;Ljava/lang/String;IZ)I+202
j  com.intellij.rt.junit.IdeaTestRunner$Repeater.startRunnerWithArgs(Lcom/intellij/rt/junit/IdeaTestRunner;[Ljava/lang/String;Ljava/util/ArrayList;Ljava/lang/String;IZ)I+22
j  com.intellij.rt.junit.JUnitStarter.prepareStreamsAndStart([Ljava/lang/String;Ljava/lang/String;Ljava/util/ArrayList;Ljava/lang/String;)I+116
j  com.intellij.rt.junit.JUnitStarter.main([Ljava/lang/String;)V+116
v  ~StubRoutines::call_stub
V  [libjvm.dylib+0x2f1b06]  JavaCalls::call_helper(JavaValue*, methodHandle*, JavaCallArguments*, Thread*)+0x6ae
V  [libjvm.dylib+0x328aad]  jni_invoke_static(JNIEnv_*, JavaValue*, _jobject*, JNICallType, _jmethodID*, JNI_ArgumentPusher*, Thread*)+0x1bf
V  [libjvm.dylib+0x321839]  jni_CallStaticVoidMethod+0x15d
C  [java+0x38c6]  JavaMain+0x9c4
C  [libsystem_pthread.dylib+0x5d76]  _pthread_start+0x7d
C  [libsystem_pthread.dylib+0x25d7]  thread_start+0xf
C  0x0000000000000000


---------------  P R O C E S S  ---------------

Java Threads: ( => current thread )
  0x00007fec3b315000 JavaThread "HikariPool-1 housekeeper" daemon [_thread_blocked, id=15619, stack(0x000070000fde9000,0x000070000fee9000)]
  0x00007fec3a7f7000 JavaThread "mysql-cj-abandoned-connection-cleanup" daemon [_thread_blocked, id=16283, stack(0x000070000fce6000,0x000070000fde6000)]
  0x00007fec3499d800 JavaThread "Service Thread" daemon [_thread_blocked, id=16387, stack(0x000070000fae0000,0x000070000fbe0000)]
  0x00007fec36015000 JavaThread "C1 CompilerThread2" daemon [_thread_blocked, id=14083, stack(0x000070000f9dd000,0x000070000fadd000)]
  0x00007fec3598b000 JavaThread "C2 CompilerThread1" daemon [_thread_blocked, id=13827, stack(0x000070000f8da000,0x000070000f9da000)]
  0x00007fec3598a800 JavaThread "C2 CompilerThread0" daemon [_thread_blocked, id=13315, stack(0x000070000f7d7000,0x000070000f8d7000)]
  0x00007fec35841800 JavaThread "JDWP Event Helper Thread" daemon [_thread_blocked, id=17667, stack(0x000070000f5d1000,0x000070000f6d1000)]
  0x00007fec3600c000 JavaThread "Signal Dispatcher" daemon [_thread_blocked, id=18179, stack(0x000070000f3cb000,0x000070000f4cb000)]
  0x00007fec35830800 JavaThread "Finalizer" daemon [_thread_blocked, id=20739, stack(0x000070000f1c2000,0x000070000f2c2000)]
  0x00007fec35012000 JavaThread "Reference Handler" daemon [_thread_blocked, id=21251, stack(0x000070000f0bf000,0x000070000f1bf000)]
=>0x00007fec3480e800 JavaThread "main" [_thread_in_Java, id=3331, stack(0x000070000eaad000,0x000070000ebad000)]

Other Threads:
  0x00007fec34829000 VMThread [stack: 0x000070000efbc000,0x000070000f0bc000] [id=11267]
  0x00007fec351b7000 WatcherThread [stack: 0x000070000fbe3000,0x000070000fce3000] [id=14851]

VM state:not at safepoint (normal execution)

VM Mutex/Monitor currently owned by a thread: None

heap address: 0x0000000740000000, size: 2048 MB, Compressed Oops mode: Zero based, Oop shift amount: 3
Narrow klass base: 0x0000000000000000, Narrow klass shift: 3
Compressed class space size: 1073741824 Address: 0x00000007c0000000

Heap:
 PSYoungGen      total 280576K, used 90061K [0x0000000795580000, 0x00000007a9200000, 0x00000007c0000000)
  eden space 262144K, 34% used [0x0000000795580000,0x000000079ad737c8,0x00000007a5580000)
  from space 18432K, 0% used [0x00000007a6780000,0x00000007a6780000,0x00000007a7980000)
  to   space 18432K, 0% used [0x00000007a5580000,0x00000007a5580000,0x00000007a6780000)
 ParOldGen       total 125440K, used 23420K [0x0000000740000000, 0x0000000747a80000, 0x0000000795580000)
  object space 125440K, 18% used [0x0000000740000000,0x00000007416df3a0,0x0000000747a80000)
 Metaspace       used 58357K, capacity 62260K, committed 62488K, reserved 1103872K
  class space    used 8012K, capacity 8640K, committed 8728K, reserved 1048576K

Card table byte_map: [0x000000010c77e000,0x000000010cb7f000] byte_map_base: 0x0000000108d7e000

Marking Bits: (ParMarkBitMap*) 0x000000010bd01f80
 Begin Bits: [0x000000010ce2a000, 0x000000010ee2a000)
 End Bits:   [0x000000010ee2a000, 0x0000000110e2a000)

Polling page: 0x000000010aa54000

CodeCache: size=245760Kb used=15324Kb max_used=15388Kb free=230435Kb
 bounds [0x000000011534b000, 0x000000011626b000, 0x000000012434b000]
 total_blobs=5254 nmethods=4698 adapters=476
 compilation: enabled

Compilation events (10 events):
Event: 9.520 Thread 0x00007fec3598b000 nmethod 5278 0x0000000115f1f490 code [0x0000000115f1f5e0, 0x0000000115f1f758]
Event: 9.520 Thread 0x00007fec3598b000 5282       4       java.lang.Class::getMethod0 (40 bytes)
Event: 9.654 Thread 0x00007fec3598b000 nmethod 5282 0x00000001162426d0 code [0x0000000116242ba0, 0x00000001162483e8]
Event: 9.655 Thread 0x00007fec3598b000 5093       4       org.springframework.core.annotation.TypeMappedAnnotations::<init> (36 bytes)
Event: 9.655 Thread 0x00007fec3598b000 nmethod 5093 0x00000001158b6d50 code [0x00000001158b6ea0, 0x00000001158b6f38]
Event: 9.679 Thread 0x00007fec3598a800 nmethod 5284 0x000000011624dd50 code [0x000000011624e5e0, 0x000000011625c500]
Event: 51.128 Thread 0x00007fec36015000 5379       3       org.springframework.aop.support.AopUtils::isEqualsMethod (5 bytes)
Event: 51.128 Thread 0x00007fec36015000 nmethod 5379 0x0000000115aec510 code [0x0000000115aec680, 0x0000000115aec7e8]
Event: 100.085 Thread 0x00007fec36015000 5380       3       org.springframework.aop.support.AopUtils::isHashCodeMethod (5 bytes)
Event: 100.085 Thread 0x00007fec36015000 nmethod 5380 0x0000000115aebd10 code [0x0000000115aebea0, 0x0000000115aec368]

GC Heap History (10 events):
Event: 4.294 GC heap before
{Heap before GC invocations=11 (full 2):
 PSYoungGen      total 175616K, used 8191K [0x0000000795580000, 0x00000007a4800000, 0x00000007c0000000)
  eden space 167424K, 0% used [0x0000000795580000,0x0000000795580000,0x000000079f900000)
  from space 8192K, 99% used [0x000000079f900000,0x00000007a00ffc38,0x00000007a0100000)
  to   space 11776K, 0% used [0x00000007a3c80000,0x00000007a3c80000,0x00000007a4800000)
 ParOldGen       total 54784K, used 12851K [0x0000000740000000, 0x0000000743580000, 0x0000000795580000)
  object space 54784K, 23% used [0x0000000740000000,0x0000000740c8cef8,0x0000000743580000)
 Metaspace       used 33016K, capacity 35308K, committed 35496K, reserved 1079296K
  class space    used 4233K, capacity 4668K, committed 4776K, reserved 1048576K
Event: 4.356 GC heap after
Heap after GC invocations=11 (full 2):
 PSYoungGen      total 175616K, used 0K [0x0000000795580000, 0x00000007a4800000, 0x00000007c0000000)
  eden space 167424K, 0% used [0x0000000795580000,0x0000000795580000,0x000000079f900000)
  from space 8192K, 0% used [0x000000079f900000,0x000000079f900000,0x00000007a0100000)
  to   space 11776K, 0% used [0x00000007a3c80000,0x00000007a3c80000,0x00000007a4800000)
 ParOldGen       total 94208K, used 18274K [0x0000000740000000, 0x0000000745c00000, 0x0000000795580000)
  object space 94208K, 19% used [0x0000000740000000,0x00000007411d8af0,0x0000000745c00000)
 Metaspace       used 33016K, capacity 35308K, committed 35496K, reserved 1079296K
  class space    used 4233K, capacity 4668K, committed 4776K, reserved 1048576K
}
Event: 5.766 GC heap before
{Heap before GC invocations=12 (full 2):
 PSYoungGen      total 175616K, used 167424K [0x0000000795580000, 0x00000007a4800000, 0x00000007c0000000)
  eden space 167424K, 100% used [0x0000000795580000,0x000000079f900000,0x000000079f900000)
  from space 8192K, 0% used [0x000000079f900000,0x000000079f900000,0x00000007a0100000)
  to   space 11776K, 0% used [0x00000007a3c80000,0x00000007a3c80000,0x00000007a4800000)
 ParOldGen       total 94208K, used 18274K [0x0000000740000000, 0x0000000745c00000, 0x0000000795580000)
  object space 94208K, 19% used [0x0000000740000000,0x00000007411d8af0,0x0000000745c00000)
 Metaspace       used 42722K, capacity 45550K, committed 45864K, reserved 1089536K
  class space    used 5634K, capacity 6125K, committed 6184K, reserved 1048576K
Event: 5.779 GC heap after
Heap after GC invocations=12 (full 2):
 PSYoungGen      total 221696K, used 11764K [0x0000000795580000, 0x00000007a4800000, 0x00000007c0000000)
  eden space 209920K, 0% used [0x0000000795580000,0x0000000795580000,0x00000007a2280000)
  from space 11776K, 99% used [0x00000007a3c80000,0x00000007a47fd358,0x00000007a4800000)
  to   space 13824K, 0% used [0x00000007a2d00000,0x00000007a2d00000,0x00000007a3a80000)
 ParOldGen       total 94208K, used 18999K [0x0000000740000000, 0x0000000745c00000, 0x0000000795580000)
  object space 94208K, 20% used [0x0000000740000000,0x000000074128dc58,0x0000000745c00000)
 Metaspace       used 42722K, capacity 45550K, committed 45864K, reserved 1089536K
  class space    used 5634K, capacity 6125K, committed 6184K, reserved 1048576K
}
Event: 7.982 GC heap before
{Heap before GC invocations=13 (full 2):
 PSYoungGen      total 221696K, used 221684K [0x0000000795580000, 0x00000007a4800000, 0x00000007c0000000)
  eden space 209920K, 100% used [0x0000000795580000,0x00000007a2280000,0x00000007a2280000)
  from space 11776K, 99% used [0x00000007a3c80000,0x00000007a47fd358,0x00000007a4800000)
  to   space 13824K, 0% used [0x00000007a2d00000,0x00000007a2d00000,0x00000007a3a80000)
 ParOldGen       total 94208K, used 18999K [0x0000000740000000, 0x0000000745c00000, 0x0000000795580000)
  object space 94208K, 20% used [0x0000000740000000,0x000000074128dc58,0x0000000745c00000)
 Metaspace       used 55296K, capacity 58626K, committed 58792K, reserved 1099776K
  class space    used 7534K, capacity 8079K, committed 8104K, reserved 1048576K
Event: 8.011 GC heap after
Heap after GC invocations=13 (full 2):
 PSYoungGen      total 234496K, used 13809K [0x0000000795580000, 0x00000007a7980000, 0x00000007c0000000)
  eden space 220672K, 0% used [0x0000000795580000,0x0000000795580000,0x00000007a2d00000)
  from space 13824K, 99% used [0x00000007a2d00000,0x00000007a3a7c550,0x00000007a3a80000)
  to   space 18432K, 0% used [0x00000007a6780000,0x00000007a6780000,0x00000007a7980000)
 ParOldGen       total 94208K, used 25854K [0x0000000740000000, 0x0000000745c00000, 0x0000000795580000)
  object space 94208K, 27% used [0x0000000740000000,0x000000074193fb98,0x0000000745c00000)
 Metaspace       used 55296K, capacity 58626K, committed 58792K, reserved 1099776K
  class space    used 7534K, capacity 8079K, committed 8104K, reserved 1048576K
}
Event: 8.217 GC heap before
{Heap before GC invocations=14 (full 2):
 PSYoungGen      total 234496K, used 36869K [0x0000000795580000, 0x00000007a7980000, 0x00000007c0000000)
  eden space 220672K, 10% used [0x0000000795580000,0x0000000796c05070,0x00000007a2d00000)
  from space 13824K, 99% used [0x00000007a2d00000,0x00000007a3a7c550,0x00000007a3a80000)
  to   space 18432K, 0% used [0x00000007a6780000,0x00000007a6780000,0x00000007a7980000)
 ParOldGen       total 94208K, used 25854K [0x0000000740000000, 0x0000000745c00000, 0x0000000795580000)
  object space 94208K, 27% used [0x0000000740000000,0x000000074193fb98,0x0000000745c00000)
 Metaspace       used 55642K, capacity 59074K, committed 59160K, reserved 1099776K
  class space    used 7577K, capacity 8139K, committed 8216K, reserved 1048576K
Event: 8.225 GC heap after
Heap after GC invocations=14 (full 2):
 PSYoungGen      total 280576K, used 949K [0x0000000795580000, 0x00000007a9200000, 0x00000007c0000000)
  eden space 262144K, 0% used [0x0000000795580000,0x0000000795580000,0x00000007a5580000)
  from space 18432K, 5% used [0x00000007a6780000,0x00000007a686d498,0x00000007a7980000)
  to   space 18432K, 0% used [0x00000007a5580000,0x00000007a5580000,0x00000007a6780000)
 ParOldGen       total 94208K, used 31253K [0x0000000740000000, 0x0000000745c00000, 0x0000000795580000)
  object space 94208K, 33% used [0x0000000740000000,0x0000000741e856a0,0x0000000745c00000)
 Metaspace       used 55642K, capacity 59074K, committed 59160K, reserved 1099776K
  class space    used 7577K, capacity 8139K, committed 8216K, reserved 1048576K
}
Event: 8.225 GC heap before
{Heap before GC invocations=15 (full 3):
 PSYoungGen      total 280576K, used 949K [0x0000000795580000, 0x00000007a9200000, 0x00000007c0000000)
  eden space 262144K, 0% used [0x0000000795580000,0x0000000795580000,0x00000007a5580000)
  from space 18432K, 5% used [0x00000007a6780000,0x00000007a686d498,0x00000007a7980000)
  to   space 18432K, 0% used [0x00000007a5580000,0x00000007a5580000,0x00000007a6780000)
 ParOldGen       total 94208K, used 31253K [0x0000000740000000, 0x0000000745c00000, 0x0000000795580000)
  object space 94208K, 33% used [0x0000000740000000,0x0000000741e856a0,0x0000000745c00000)
 Metaspace       used 55642K, capacity 59074K, committed 59160K, reserved 1099776K
  class space    used 7577K, capacity 8139K, committed 8216K, reserved 1048576K
Event: 8.345 GC heap after
Heap after GC invocations=15 (full 3):
 PSYoungGen      total 280576K, used 0K [0x0000000795580000, 0x00000007a9200000, 0x00000007c0000000)
  eden space 262144K, 0% used [0x0000000795580000,0x0000000795580000,0x00000007a5580000)
  from space 18432K, 0% used [0x00000007a6780000,0x00000007a6780000,0x00000007a7980000)
  to   space 18432K, 0% used [0x00000007a5580000,0x00000007a5580000,0x00000007a6780000)
 ParOldGen       total 125440K, used 23420K [0x0000000740000000, 0x0000000747a80000, 0x0000000795580000)
  object space 125440K, 18% used [0x0000000740000000,0x00000007416df3a0,0x0000000747a80000)
 Metaspace       used 55642K, capacity 59074K, committed 59160K, reserved 1099776K
  class space    used 7577K, capacity 8139K, committed 8216K, reserved 1048576K
}

Deoptimization events (10 events):
Event: 8.086 Thread 0x00007fec3480e800 Uncommon trap: reason=unstable_if action=reinterpret pc=0x0000000116059b4c method=org.springframework.util.AntPathMatcher.skipSegment(Ljava/lang/String;ILjava/lang/String;)I @ 60
Event: 8.089 Thread 0x00007fec3480e800 Uncommon trap: reason=unstable_if action=reinterpret pc=0x0000000116057fdc method=org.springframework.core.annotation.AnnotationsScanner.isWithoutHierarchy(Ljava/lang/reflect/AnnotatedElement;Lorg/springframework/core/annotation/MergedAnnotations$SearchSt
Event: 8.376 Thread 0x00007fec3480e800 Uncommon trap: reason=unstable_if action=reinterpret pc=0x0000000115953418 method=java.util.concurrent.ConcurrentHashMap.transfer([Ljava/util/concurrent/ConcurrentHashMap$Node;[Ljava/util/concurrent/ConcurrentHashMap$Node;)V @ 356
Event: 8.488 Thread 0x00007fec3480e800 Uncommon trap: reason=null_check action=make_not_entrant pc=0x0000000115f8ddf4 method=org.springframework.util.ClassUtils.isAssignable(Ljava/lang/Class;Ljava/lang/Class;)Z @ 14
Event: 8.690 Thread 0x00007fec3480e800 Uncommon trap: reason=unstable_if action=reinterpret pc=0x0000000115ffa724 method=java.util.regex.Pattern$Branch.match(Ljava/util/regex/Matcher;ILjava/lang/CharSequence;)Z @ 35
Event: 8.704 Thread 0x00007fec3480e800 Uncommon trap: reason=unstable_if action=reinterpret pc=0x0000000115e304b8 method=java.util.regex.Pattern$Curly.match(Ljava/util/regex/Matcher;ILjava/lang/CharSequence;)Z @ 45
Event: 8.935 Thread 0x00007fec3480e800 Uncommon trap: reason=unstable_if action=reinterpret pc=0x0000000115532d20 method=java.lang.CharacterData.of(I)Ljava/lang/CharacterData; @ 4
Event: 50.790 Thread 0x00007fec35843800 Uncommon trap: reason=unstable_if action=reinterpret pc=0x0000000115f0b954 method=org.groovy.debug.hotswap.ResetAgent$1.transform(Ljava/lang/ClassLoader;Ljava/lang/String;Ljava/lang/Class;Ljava/security/ProtectionDomain;[B)[B @ 16
Event: 99.867 Thread 0x00007fec35843800 Uncommon trap: reason=unstable_if action=reinterpret pc=0x0000000115f0a7a0 method=org.groovy.debug.hotswap.ResetAgent$1.transform(Ljava/lang/ClassLoader;Ljava/lang/String;Ljava/lang/Class;Ljava/security/ProtectionDomain;[B)[B @ 16
Event: 99.867 Thread 0x00007fec35843800 Uncommon trap: reason=unstable_if action=reinterpret pc=0x0000000115e60118 method=java.lang.Class.reflectionData()Ljava/lang/Class$ReflectionData; @ 37

Classes redefined (5 events):
Event: 50.904 Thread 0x00007fec34829000 redefined class name=dev.codesquad.airbnb02.user.business.UserServiceTest, count=1
Event: 99.908 Thread 0x00007fec34829000 redefined class name=dev.codesquad.airbnb02.user.business.UserServiceTest, count=2
Event: 128.497 Thread 0x00007fec34829000 redefined class name=dev.codesquad.airbnb02.user.business.UserServiceTest, count=3
Event: 156.155 Thread 0x00007fec34829000 redefined class name=dev.codesquad.airbnb02.user.business.UserServiceTest, count=4
Event: 189.875 Thread 0x00007fec34829000 redefined class name=dev.codesquad.airbnb02.user.business.UserServiceTest, count=5

Internal exceptions (10 events):
Event: 8.572 Thread 0x00007fec3480e800 Exception <a 'java/lang/ClassNotFoundException': org/springframework/web/multipart/MultipartResolverCustomizer> (0x0000000797c8ee28) thrown at [/jenkins/workspace/8-2-build-macosx-x86_64/jdk8u241/331/hotspot/src/share/vm/classfile/systemDictionary.cpp, li
Event: 8.587 Thread 0x00007fec3480e800 Exception <a 'java/lang/IncompatibleClassChangeError': Found class java.lang.Object, but interface was expected> (0x0000000797d4e3c0) thrown at [/jenkins/workspace/8-2-build-macosx-x86_64/jdk8u241/331/hotspot/src/share/vm/interpreter/linkResolver.cpp, lin
Event: 8.681 Thread 0x00007fec3480e800 Exception <a 'java/lang/reflect/InvocationTargetException'> (0x0000000798806000) thrown at [/jenkins/workspace/8-2-build-macosx-x86_64/jdk8u241/331/hotspot/src/share/vm/runtime/reflection.cpp, line 1092]
Event: 8.706 Thread 0x00007fec3480e800 Exception <a 'java/lang/IncompatibleClassChangeError': Found class java.lang.Object, but interface was expected> (0x0000000798984bf8) thrown at [/jenkins/workspace/8-2-build-macosx-x86_64/jdk8u241/331/hotspot/src/share/vm/interpreter/linkResolver.cpp, lin
Event: 8.831 Thread 0x00007fec3480e800 Exception <a 'java/lang/ClassNotFoundException': java/lang/ObjectCustomizer> (0x000000079976ae30) thrown at [/jenkins/workspace/8-2-build-macosx-x86_64/jdk8u241/331/hotspot/src/share/vm/classfile/systemDictionary.cpp, line 210]
Event: 8.831 Thread 0x00007fec3480e800 Exception <a 'java/lang/ClassNotFoundException': dev/codesquad/airbnb02/user/business/UserServiceTestCustomizer> (0x0000000799791bb8) thrown at [/jenkins/workspace/8-2-build-macosx-x86_64/jdk8u241/331/hotspot/src/share/vm/classfile/systemDictionary.cpp, l
Event: 8.889 Thread 0x00007fec3480e800 Exception <a 'java/lang/ClassNotFoundException': java/lang/Module> (0x0000000799d041c8) thrown at [/jenkins/workspace/8-2-build-macosx-x86_64/jdk8u241/331/hotspot/src/share/vm/classfile/systemDictionary.cpp, line 210]
Event: 8.931 Thread 0x00007fec3480e800 Exception <a 'java/lang/IncompatibleClassChangeError': Found class java.lang.Object, but interface was expected> (0x000000079a083d18) thrown at [/jenkins/workspace/8-2-build-macosx-x86_64/jdk8u241/331/hotspot/src/share/vm/interpreter/linkResolver.cpp, lin
Event: 8.955 Thread 0x00007fec3480e800 Exception <a 'java/lang/NoSuchMethodError': java.lang.Object.lambda$mapIfAllPresent$6(Ljava/util/Optional;Ljava/util/function/BiFunction;Ljava/lang/Object;)Ljava/util/Optional;> (0x000000079a1f1878) thrown at [/jenkins/workspace/8-2-build-macosx-x86_64/jd
Event: 8.955 Thread 0x00007fec3480e800 Exception <a 'java/lang/NoSuchMethodError': java.lang.Object.lambda$null$5(Ljava/util/function/BiFunction;Ljava/lang/Object;Ljava/lang/Object;)Ljava/lang/Object;> (0x000000079a1f6518) thrown at [/jenkins/workspace/8-2-build-macosx-x86_64/jdk8u241/331/hots

Events (10 events):
Event: 227.300 Executing VM operation: ChangeBreakpoints
Event: 227.300 Executing VM operation: ChangeBreakpoints done
Event: 227.300 Executing VM operation: ChangeBreakpoints
Event: 227.301 Executing VM operation: ChangeBreakpoints done
Event: 227.301 Executing VM operation: ChangeBreakpoints
Event: 227.301 Executing VM operation: ChangeBreakpoints done
Event: 227.301 Thread 0x00007fec35844800 Thread exited: 0x00007fec35844800
Event: 227.302 Executing VM operation: RevokeBias
Event: 227.302 Executing VM operation: RevokeBias done
Event: 227.302 Thread 0x00007fec3c051000 Thread exited: 0x00007fec3c051000


Dynamic libraries:
0x00007fff3ad1e000 	/System/Library/Frameworks/Cocoa.framework/Versions/A/Cocoa
0x00007fff482c5000 	/System/Library/Frameworks/Security.framework/Versions/A/Security
0x00007fff39cc4000 	/System/Library/Frameworks/ApplicationServices.framework/Versions/A/ApplicationServices
0x00007fff72320000 	/usr/lib/libz.1.dylib
0x00007fff6fe28000 	/usr/lib/libSystem.B.dylib
0x00007fff71c4b000 	/usr/lib/libobjc.A.dylib
0x00007fff3bc83000 	/System/Library/Frameworks/CoreFoundation.framework/Versions/A/CoreFoundation
0x00007fff3e33e000 	/System/Library/Frameworks/Foundation.framework/Versions/C/Foundation
0x00007fff38ec8000 	/System/Library/Frameworks/AppKit.framework/Versions/C/AppKit
0x00007fff3b79d000 	/System/Library/Frameworks/CoreData.framework/Versions/A/CoreData
0x00007fff6c6d9000 	/System/Library/PrivateFrameworks/UIFoundation.framework/Versions/A/UIFoundation
0x00007fff66f79000 	/System/Library/PrivateFrameworks/RemoteViewServices.framework/Versions/A/RemoteViewServices
0x00007fff6f159000 	/System/Library/PrivateFrameworks/XCTTargetBootstrap.framework/Versions/A/XCTTargetBootstrap
0x00007fff3bb78000 	/System/Library/Frameworks/CoreDisplay.framework/Versions/A/CoreDisplay
0x00007fff41076000 	/System/Library/Frameworks/Metal.framework/Versions/A/Metal
0x00007fff554e6000 	/System/Library/PrivateFrameworks/DesktopServicesPriv.framework/Versions/A/DesktopServicesPriv
0x00007fff70f43000 	/usr/lib/liblangid.dylib
0x00007fff54642000 	/System/Library/PrivateFrameworks/CoreSVG.framework/Versions/A/CoreSVG
0x00007fff69ca9000 	/System/Library/PrivateFrameworks/SkyLight.framework/Versions/A/SkyLight
0x00007fff3c104000 	/System/Library/Frameworks/CoreGraphics.framework/Versions/A/CoreGraphics
0x00007fff37a69000 	/System/Library/Frameworks/Accelerate.framework/Versions/A/Accelerate
0x00007fff72211000 	/usr/lib/libxml2.2.dylib
0x00007fff600b1000 	/System/Library/PrivateFrameworks/IconServices.framework/Versions/A/IconServices
0x00007fff3eafc000 	/System/Library/Frameworks/IOSurface.framework/Versions/A/IOSurface
0x00007fff6f961000 	/usr/lib/libDiagnosticMessagesClient.dylib
0x00007fff55360000 	/System/Library/PrivateFrameworks/DFRFoundation.framework/Versions/A/DFRFoundation
0x00007fff70cd1000 	/usr/lib/libicucore.A.dylib
0x00007fff39ff6000 	/System/Library/Frameworks/AudioToolbox.framework/Versions/A/AudioToolbox
0x00007fff3a0d8000 	/System/Library/Frameworks/AudioUnit.framework/Versions/A/AudioUnit
0x00007fff7002a000 	/usr/lib/libauto.dylib
0x00007fff553e0000 	/System/Library/PrivateFrameworks/DataDetectorsCore.framework/Versions/A/DataDetectorsCore
0x00007fff3a83f000 	/System/Library/Frameworks/Carbon.framework/Versions/A/Frameworks/HIToolbox.framework/Versions/A/HIToolbox
0x00007fff474bd000 	/System/Library/Frameworks/QuartzCore.framework/Versions/A/QuartzCore
0x00007fff3ab7e000 	/System/Library/Frameworks/Carbon.framework/Versions/A/Frameworks/SpeechRecognition.framework/Versions/A/SpeechRecognition
0x00007fff54ce2000 	/System/Library/PrivateFrameworks/CoreUI.framework/Versions/A/CoreUI
0x00007fff3b203000 	/System/Library/Frameworks/CoreAudio.framework/Versions/A/CoreAudio
0x00007fff3e00b000 	/System/Library/Frameworks/DiskArbitration.framework/Versions/A/DiskArbitration
0x00007fff62197000 	/System/Library/PrivateFrameworks/MultitouchSupport.framework/Versions/A/MultitouchSupport
0x00007fff70b9c000 	/usr/lib/libenergytrace.dylib
0x00007fff3ea57000 	/System/Library/Frameworks/IOKit.framework/Versions/A/IOKit
0x00007fff3d06a000 	/System/Library/Frameworks/CoreServices.framework/Versions/A/CoreServices
0x00007fff641ec000 	/System/Library/PrivateFrameworks/PerformanceAnalysis.framework/Versions/A/PerformanceAnalysis
0x00007fff464f5000 	/System/Library/Frameworks/OpenGL.framework/Versions/A/OpenGL
0x00007fff3ad2c000 	/System/Library/Frameworks/ColorSync.framework/Versions/A/ColorSync
0x00007fff3c78b000 	/System/Library/Frameworks/CoreImage.framework/Versions/A/CoreImage
0x00007fff3dade000 	/System/Library/Frameworks/CoreText.framework/Versions/A/CoreText
0x00007fff3eb7f000 	/System/Library/Frameworks/ImageIO.framework/Versions/A/ImageIO
0x00007fff70106000 	/usr/lib/libc++.1.dylib
0x00007fff70182000 	/usr/lib/libcompression.dylib
0x00007fff6fca2000 	/usr/lib/libMobileGestalt.dylib
0x00007fff6b7cc000 	/System/Library/PrivateFrameworks/TextureIO.framework/Versions/A/TextureIO
0x00007fff6ff90000 	/usr/lib/libate.dylib
0x00007fff602b7000 	/System/Library/PrivateFrameworks/InternationalSupport.framework/Versions/A/InternationalSupport
0x00007fff72d97000 	/usr/lib/system/libcache.dylib
0x00007fff72d9d000 	/usr/lib/system/libcommonCrypto.dylib
0x00007fff72da9000 	/usr/lib/system/libcompiler_rt.dylib
0x00007fff72db1000 	/usr/lib/system/libcopyfile.dylib
0x00007fff72dbb000 	/usr/lib/system/libcorecrypto.dylib
0x00007fff72f69000 	/usr/lib/system/libdispatch.dylib
0x00007fff72fab000 	/usr/lib/system/libdyld.dylib
0x00007fff72fe1000 	/usr/lib/system/libkeymgr.dylib
0x00007fff72fef000 	/usr/lib/system/liblaunch.dylib
0x00007fff72ff0000 	/usr/lib/system/libmacho.dylib
0x00007fff72ff6000 	/usr/lib/system/libquarantine.dylib
0x00007fff72ff9000 	/usr/lib/system/libremovefile.dylib
0x00007fff72ffb000 	/usr/lib/system/libsystem_asl.dylib
0x00007fff73013000 	/usr/lib/system/libsystem_blocks.dylib
0x00007fff73014000 	/usr/lib/system/libsystem_c.dylib
0x00007fff7309c000 	/usr/lib/system/libsystem_configuration.dylib
0x00007fff730a0000 	/usr/lib/system/libsystem_coreservices.dylib
0x00007fff730a4000 	/usr/lib/system/libsystem_darwin.dylib
0x00007fff730ac000 	/usr/lib/system/libsystem_dnssd.dylib
0x00007fff730b4000 	/usr/lib/system/libsystem_featureflags.dylib
0x00007fff730b6000 	/usr/lib/system/libsystem_info.dylib
0x00007fff73131000 	/usr/lib/system/libsystem_m.dylib
0x00007fff73179000 	/usr/lib/system/libsystem_malloc.dylib
0x00007fff731a1000 	/usr/lib/system/libsystem_networkextension.dylib
0x00007fff731af000 	/usr/lib/system/libsystem_notify.dylib
0x00007fff731ce000 	/usr/lib/system/libsystem_sandbox.dylib
0x00007fff731d3000 	/usr/lib/system/libsystem_secinit.dylib
0x00007fff73104000 	/usr/lib/system/libsystem_kernel.dylib
0x00007fff731b9000 	/usr/lib/system/libsystem_platform.dylib
0x00007fff731c3000 	/usr/lib/system/libsystem_pthread.dylib
0x00007fff731d6000 	/usr/lib/system/libsystem_symptoms.dylib
0x00007fff731de000 	/usr/lib/system/libsystem_trace.dylib
0x00007fff731f6000 	/usr/lib/system/libunwind.dylib
0x00007fff731fc000 	/usr/lib/system/libxpc.dylib
0x00007fff7015a000 	/usr/lib/libc++abi.dylib
0x00007fff70f45000 	/usr/lib/liblzma.5.dylib
0x00007fff70bc4000 	/usr/lib/libfakelink.dylib
0x00007fff6ff1d000 	/usr/lib/libarchive.2.dylib
0x00007fff494d9000 	/System/Library/Frameworks/SystemConfiguration.framework/Versions/A/SystemConfiguration
0x00007fff6f892000 	/usr/lib/libCRFSuite.dylib
0x00007fff3a44e000 	/System/Library/Frameworks/CFNetwork.framework/Versions/A/CFNetwork
0x00007fff700e8000 	/usr/lib/libbsm.0.dylib
0x00007fff72fe2000 	/usr/lib/system/libkxld.dylib
0x00007fff4eedf000 	/System/Library/PrivateFrameworks/AppleFSCompression.framework/Versions/A/AppleFSCompression
0x00007fff7045b000 	/usr/lib/libcoretls.dylib
0x00007fff70472000 	/usr/lib/libcoretls_cfhelpers.dylib
0x00007fff71c8f000 	/usr/lib/libpam.2.dylib
0x00007fff71dbe000 	/usr/lib/libsqlite3.dylib
0x00007fff721fe000 	/usr/lib/libxar.1.dylib
0x00007fff700f9000 	/usr/lib/libbz2.1.0.dylib
0x00007fff70be0000 	/usr/lib/libiconv.2.dylib
0x00007fff7016f000 	/usr/lib/libcharset.1.dylib
0x00007fff7173b000 	/usr/lib/libnetwork.dylib
0x00007fff71c96000 	/usr/lib/libpcap.A.dylib
0x00007fff6fed2000 	/usr/lib/libapple_nghttp2.dylib
0x00007fff3d421000 	/System/Library/Frameworks/CoreServices.framework/Versions/A/Frameworks/FSEvents.framework/Versions/A/FSEvents
0x00007fff3d0f1000 	/System/Library/Frameworks/CoreServices.framework/Versions/A/Frameworks/CarbonCore.framework/Versions/A/CarbonCore
0x00007fff3d663000 	/System/Library/Frameworks/CoreServices.framework/Versions/A/Frameworks/Metadata.framework/Versions/A/Metadata
0x00007fff3d6fc000 	/System/Library/Frameworks/CoreServices.framework/Versions/A/Frameworks/OSServices.framework/Versions/A/OSServices
0x00007fff3d72a000 	/System/Library/Frameworks/CoreServices.framework/Versions/A/Frameworks/SearchKit.framework/Versions/A/SearchKit
0x00007fff3d06b000 	/System/Library/Frameworks/CoreServices.framework/Versions/A/Frameworks/AE.framework/Versions/A/AE
0x00007fff3d42a000 	/System/Library/Frameworks/CoreServices.framework/Versions/A/Frameworks/LaunchServices.framework/Versions/A/LaunchServices
0x00007fff3d3d3000 	/System/Library/Frameworks/CoreServices.framework/Versions/A/Frameworks/DictionaryServices.framework/Versions/A/DictionaryServices
0x00007fff3d792000 	/System/Library/Frameworks/CoreServices.framework/Versions/A/Frameworks/SharedFileList.framework/Versions/A/SharedFileList
0x00007fff4234b000 	/System/Library/Frameworks/NetFS.framework/Versions/A/NetFS
0x00007fff62637000 	/System/Library/PrivateFrameworks/NetAuth.framework/Versions/A/NetAuth
0x00007fff6f522000 	/System/Library/PrivateFrameworks/login.framework/Versions/A/Frameworks/loginsupport.framework/Versions/A/loginsupport
0x00007fff6b2d2000 	/System/Library/PrivateFrameworks/TCC.framework/Versions/A/TCC
0x00007fff53a20000 	/System/Library/PrivateFrameworks/CoreNLP.framework/Versions/A/CoreNLP
0x00007fff61bc8000 	/System/Library/PrivateFrameworks/MetadataUtilities.framework/Versions/A/MetadataUtilities
0x00007fff7101d000 	/usr/lib/libmecabra.dylib
0x00007fff70f75000 	/usr/lib/libmecab.dylib
0x00007fff70bd5000 	/usr/lib/libgermantok.dylib
0x00007fff6feb9000 	/usr/lib/libThaiTokenizer.dylib
0x00007fff6f8ca000 	/usr/lib/libChineseTokenizer.dylib
0x00007fff37a81000 	/System/Library/Frameworks/Accelerate.framework/Versions/A/Frameworks/vImage.framework/Versions/A/vImage
0x00007fff38d23000 	/System/Library/Frameworks/Accelerate.framework/Versions/A/Frameworks/vecLib.framework/Versions/A/vecLib
0x00007fff38c67000 	/System/Library/Frameworks/Accelerate.framework/Versions/A/Frameworks/vecLib.framework/Versions/A/libvMisc.dylib
0x00007fff38a8d000 	/System/Library/Frameworks/Accelerate.framework/Versions/A/Frameworks/vecLib.framework/Versions/A/libvDSP.dylib
0x00007fff380ed000 	/System/Library/Frameworks/Accelerate.framework/Versions/A/Frameworks/vecLib.framework/Versions/A/libBLAS.dylib
0x00007fff38647000 	/System/Library/Frameworks/Accelerate.framework/Versions/A/Frameworks/vecLib.framework/Versions/A/libLAPACK.dylib
0x00007fff389ed000 	/System/Library/Frameworks/Accelerate.framework/Versions/A/Frameworks/vecLib.framework/Versions/A/libLinearAlgebra.dylib
0x00007fff38a7a000 	/System/Library/Frameworks/Accelerate.framework/Versions/A/Frameworks/vecLib.framework/Versions/A/libSparseBLAS.dylib
0x00007fff38a03000 	/System/Library/Frameworks/Accelerate.framework/Versions/A/Frameworks/vecLib.framework/Versions/A/libQuadrature.dylib
0x00007fff38356000 	/System/Library/Frameworks/Accelerate.framework/Versions/A/Frameworks/vecLib.framework/Versions/A/libBNNS.dylib
0x00007fff38a09000 	/System/Library/Frameworks/Accelerate.framework/Versions/A/Frameworks/vecLib.framework/Versions/A/libSparse.dylib
0x00007fff60676000 	/System/Library/PrivateFrameworks/LanguageModeling.framework/Versions/A/LanguageModeling
0x00007fff533c4000 	/System/Library/PrivateFrameworks/CoreEmoji.framework/Versions/A/CoreEmoji
0x00007fff60793000 	/System/Library/PrivateFrameworks/LinguisticData.framework/Versions/A/LinguisticData
0x00007fff60744000 	/System/Library/PrivateFrameworks/Lexicon.framework/Versions/A/Lexicon
0x00007fff70170000 	/usr/lib/libcmph.dylib
0x00007fff44f1b000 	/System/Library/Frameworks/OpenDirectory.framework/Versions/A/Frameworks/CFOpenDirectory.framework/Versions/A/CFOpenDirectory
0x00007fff44f38000 	/System/Library/Frameworks/OpenDirectory.framework/Versions/A/OpenDirectory
0x00007fff4d297000 	/System/Library/PrivateFrameworks/APFS.framework/Versions/A/APFS
0x00007fff4860a000 	/System/Library/Frameworks/SecurityFoundation.framework/Versions/A/SecurityFoundation
0x00007fff721fa000 	/usr/lib/libutil.dylib
0x00007fff5469a000 	/System/Library/PrivateFrameworks/CoreServicesStore.framework/Versions/A/CoreServicesStore
0x00007fff486eb000 	/System/Library/Frameworks/ServiceManagement.framework/Versions/A/ServiceManagement
0x00007fff5067a000 	/System/Library/PrivateFrameworks/BackgroundTaskManagement.framework/Versions/A/BackgroundTaskManagement
0x00007fff722f7000 	/usr/lib/libxslt.1.dylib
0x00007fff4f53d000 	/System/Library/PrivateFrameworks/AppleSystemInfo.framework/Versions/A/AppleSystemInfo
0x00007fff3ed9a000 	/System/Library/Frameworks/ImageIO.framework/Versions/A/Resources/libJPEG.dylib
0x00007fff3f059000 	/System/Library/Frameworks/ImageIO.framework/Versions/A/Resources/libTIFF.dylib
0x00007fff3f03c000 	/System/Library/Frameworks/ImageIO.framework/Versions/A/Resources/libPng.dylib
0x00007fff3ecdb000 	/System/Library/Frameworks/ImageIO.framework/Versions/A/Resources/libGIF.dylib
0x00007fff3ecdf000 	/System/Library/Frameworks/ImageIO.framework/Versions/A/Resources/libJP2.dylib
0x00007fff3f057000 	/System/Library/Frameworks/ImageIO.framework/Versions/A/Resources/libRadiance.dylib
0x00007fff70b9d000 	/usr/lib/libexpat.1.dylib
0x00007fff4f03a000 	/System/Library/PrivateFrameworks/AppleJPEG.framework/Versions/A/AppleJPEG
0x00007fff578b2000 	/System/Library/PrivateFrameworks/FontServices.framework/libFontParser.dylib
0x00007fff6e57d000 	/System/Library/PrivateFrameworks/WatchdogClient.framework/Versions/A/WatchdogClient
0x00007fff5fd09000 	/System/Library/PrivateFrameworks/IOAccelerator.framework/Versions/A/IOAccelerator
0x00007fff41404000 	/System/Library/Frameworks/MetalPerformanceShaders.framework/Versions/A/MetalPerformanceShaders
0x00007fff5c5ff000 	/System/Library/PrivateFrameworks/GPUWrangler.framework/Versions/A/GPUWrangler
0x00007fff5fd14000 	/System/Library/PrivateFrameworks/IOPresentment.framework/Versions/A/IOPresentment
0x00007fff55372000 	/System/Library/PrivateFrameworks/DSExternalDisplay.framework/Versions/A/DSExternalDisplay
0x00007fff458a1000 	/System/Library/Frameworks/OpenGL.framework/Versions/A/Libraries/libCoreFSCache.dylib
0x00007fff41155000 	/System/Library/Frameworks/MetalPerformanceShaders.framework/Frameworks/MPSCore.framework/Versions/A/MPSCore
0x00007fff41192000 	/System/Library/Frameworks/MetalPerformanceShaders.framework/Frameworks/MPSImage.framework/Versions/A/MPSImage
0x00007fff41255000 	/System/Library/Frameworks/MetalPerformanceShaders.framework/Frameworks/MPSNeuralNetwork.framework/Versions/A/MPSNeuralNetwork
0x00007fff41219000 	/System/Library/Frameworks/MetalPerformanceShaders.framework/Frameworks/MPSMatrix.framework/Versions/A/MPSMatrix
0x00007fff413b5000 	/System/Library/Frameworks/MetalPerformanceShaders.framework/Frameworks/MPSRayIntersector.framework/Versions/A/MPSRayIntersector
0x00007fff4123f000 	/System/Library/Frameworks/MetalPerformanceShaders.framework/Frameworks/MPSNDArray.framework/Versions/A/MPSNDArray
0x00007fff61c15000 	/System/Library/PrivateFrameworks/MetalTools.framework/Versions/A/MetalTools
0x00007fff4e376000 	/System/Library/PrivateFrameworks/AggregateDictionary.framework/Versions/A/AggregateDictionary
0x00007fff52e5b000 	/System/Library/PrivateFrameworks/CoreAnalytics.framework/Versions/A/CoreAnalytics
0x00007fff4f45b000 	/System/Library/PrivateFrameworks/AppleSauce.framework/Versions/A/AppleSauce
0x00007fff6fb85000 	/usr/lib/libIOReport.dylib
0x00007fff3dc93000 	/System/Library/Frameworks/CoreVideo.framework/Versions/A/CoreVideo
0x00007fff5d9ec000 	/System/Library/PrivateFrameworks/GraphVisualizer.framework/Versions/A/GraphVisualizer
0x00007fff56e34000 	/System/Library/PrivateFrameworks/FaceCore.framework/Versions/A/FaceCore
0x00007fff44ec2000 	/System/Library/Frameworks/OpenCL.framework/Versions/A/OpenCL
0x00007fff6f9a7000 	/usr/lib/libFosl_dynamic.dylib
0x00007fff6302d000 	/System/Library/PrivateFrameworks/OTSVG.framework/Versions/A/OTSVG
0x00007fff39dc9000 	/System/Library/Frameworks/ApplicationServices.framework/Versions/A/Frameworks/ATS.framework/Versions/A/Resources/libFontRegistry.dylib
0x00007fff57a83000 	/System/Library/PrivateFrameworks/FontServices.framework/libhvf.dylib
0x00007fff458ac000 	/System/Library/Frameworks/OpenGL.framework/Versions/A/Libraries/libGFXShared.dylib
0x00007fff45a89000 	/System/Library/Frameworks/OpenGL.framework/Versions/A/Libraries/libGLU.dylib
0x00007fff458b5000 	/System/Library/Frameworks/OpenGL.framework/Versions/A/Libraries/libGL.dylib
0x00007fff458c0000 	/System/Library/Frameworks/OpenGL.framework/Versions/A/Libraries/libGLImage.dylib
0x00007fff4589e000 	/System/Library/Frameworks/OpenGL.framework/Versions/A/Libraries/libCVMSPluginSupport.dylib
0x00007fff458a7000 	/System/Library/Frameworks/OpenGL.framework/Versions/A/Libraries/libCoreVMClient.dylib
0x00007fff715dd000 	/usr/lib/libncurses.5.4.dylib
0x00007fff39cc5000 	/System/Library/Frameworks/ApplicationServices.framework/Versions/A/Frameworks/ATS.framework/Versions/A/ATS
0x00007fff39e92000 	/System/Library/Frameworks/ApplicationServices.framework/Versions/A/Frameworks/ColorSyncLegacy.framework/Versions/A/ColorSyncLegacy
0x00007fff39f31000 	/System/Library/Frameworks/ApplicationServices.framework/Versions/A/Frameworks/HIServices.framework/Versions/A/HIServices
0x00007fff39f88000 	/System/Library/Frameworks/ApplicationServices.framework/Versions/A/Frameworks/LangAnalysis.framework/Versions/A/LangAnalysis
0x00007fff39f97000 	/System/Library/Frameworks/ApplicationServices.framework/Versions/A/Frameworks/PrintCore.framework/Versions/A/PrintCore
0x00007fff39fdd000 	/System/Library/Frameworks/ApplicationServices.framework/Versions/A/Frameworks/QD.framework/Versions/A/QD
0x00007fff39fe8000 	/System/Library/Frameworks/ApplicationServices.framework/Versions/A/Frameworks/SpeechSynthesis.framework/Versions/A/SpeechSynthesis
0x00007fff39e62000 	/System/Library/Frameworks/ApplicationServices.framework/Versions/A/Frameworks/ATSUI.framework/Versions/A/ATSUI
0x00007fff70a31000 	/usr/lib/libcups.2.dylib
0x00007fff404bd000 	/System/Library/Frameworks/Kerberos.framework/Versions/A/Kerberos
0x00007fff3e772000 	/System/Library/Frameworks/GSS.framework/Versions/A/GSS
0x00007fff71d4b000 	/usr/lib/libresolv.9.dylib
0x00007fff5db8d000 	/System/Library/PrivateFrameworks/Heimdal.framework/Versions/A/Heimdal
0x00007fff404d0000 	/System/Library/Frameworks/Kerberos.framework/Versions/A/Libraries/libHeimdalProxy.dylib
0x00007fff70bdb000 	/usr/lib/libheimdal-asn1.dylib
0x00007fff52321000 	/System/Library/PrivateFrameworks/CommonAuth.framework/Versions/A/CommonAuth
0x00007fff4f5da000 	/System/Library/PrivateFrameworks/AssertionServices.framework/Versions/A/AssertionServices
0x00007fff50170000 	/System/Library/PrivateFrameworks/AudioToolboxCore.framework/Versions/A/AudioToolboxCore
0x00007fff6f1d5000 	/System/Library/PrivateFrameworks/caulk.framework/Versions/A/caulk
0x00007fff50726000 	/System/Library/PrivateFrameworks/BaseBoard.framework/Versions/A/BaseBoard
0x00007fff67105000 	/System/Library/PrivateFrameworks/RunningBoardServices.framework/Versions/A/RunningBoardServices
0x00007fff641f8000 	/System/Library/PrivateFrameworks/PersistentConnection.framework/Versions/A/PersistentConnection
0x00007fff66b12000 	/System/Library/PrivateFrameworks/ProtocolBuffer.framework/Versions/A/ProtocolBuffer
0x00007fff5233e000 	/System/Library/PrivateFrameworks/CommonUtilities.framework/Versions/A/CommonUtilities
0x00007fff508a5000 	/System/Library/PrivateFrameworks/Bom.framework/Versions/A/Bom
0x00007fff6f856000 	/usr/lib/libAudioToolboxUtility.dylib
0x00007fff50684000 	/System/Library/PrivateFrameworks/Backup.framework/Versions/A/Backup
0x00007fff550e1000 	/System/Library/PrivateFrameworks/CrashReporterSupport.framework/Versions/A/CrashReporterSupport
0x00007fff68b8e000 	/System/Library/PrivateFrameworks/Sharing.framework/Versions/A/Sharing
0x00007fff4ed87000 	/System/Library/PrivateFrameworks/Apple80211.framework/Versions/A/Apple80211
0x00007fff503ac000 	/System/Library/PrivateFrameworks/AuthKit.framework/Versions/A/AuthKit
0x00007fff54e0f000 	/System/Library/PrivateFrameworks/CoreUtils.framework/Versions/A/CoreUtils
0x00007fff3dcd8000 	/System/Library/Frameworks/CoreWLAN.framework/Versions/A/CoreWLAN
0x00007fff3e8db000 	/System/Library/Frameworks/IOBluetooth.framework/Versions/A/IOBluetooth
0x00007fff61f13000 	/System/Library/PrivateFrameworks/MobileKeyBag.framework/Versions/A/MobileKeyBag
0x00007fff53ef0000 	/System/Library/PrivateFrameworks/CorePhoneNumbers.framework/Versions/A/CorePhoneNumbers
0x00007fff4efed000 	/System/Library/PrivateFrameworks/AppleIDAuthSupport.framework/Versions/A/AppleIDAuthSupport
0x00007fff42358000 	/System/Library/Frameworks/Network.framework/Versions/A/Network
0x00007fff604ff000 	/System/Library/PrivateFrameworks/KeychainCircle.framework/Versions/A/KeychainCircle
0x00007fff3b765000 	/System/Library/Frameworks/CoreBluetooth.framework/Versions/A/CoreBluetooth
0x00007fff6a7e8000 	/System/Library/PrivateFrameworks/SpeechRecognitionCore.framework/Versions/A/SpeechRecognitionCore
0x000000010b400000 	/Library/Java/JavaVirtualMachines/jdk1.8.0_241.jdk/Contents/Home/jre/lib/server/libjvm.dylib
0x00007fff720cf000 	/usr/lib/libstdc++.6.dylib
0x000000010aa10000 	/Library/Java/JavaVirtualMachines/jdk1.8.0_241.jdk/Contents/Home/jre/lib/libverify.dylib
0x000000010aa1e000 	/Library/Java/JavaVirtualMachines/jdk1.8.0_241.jdk/Contents/Home/jre/lib/libjava.dylib
0x000000010aa55000 	/Library/Java/JavaVirtualMachines/jdk1.8.0_241.jdk/Contents/Home/jre/lib/libjdwp.dylib
0x000000010aaa0000 	/Library/Java/JavaVirtualMachines/jdk1.8.0_241.jdk/Contents/Home/jre/lib/libnpt.dylib
0x000000010aabf000 	/Library/Java/JavaVirtualMachines/jdk1.8.0_241.jdk/Contents/Home/jre/lib/libinstrument.dylib
0x000000010ab5c000 	/Library/Java/JavaVirtualMachines/jdk1.8.0_241.jdk/Contents/Home/jre/lib/libzip.dylib
0x000000011489c000 	/Library/Java/JavaVirtualMachines/jdk1.8.0_241.jdk/Contents/Home/jre/lib/libdt_socket.dylib
0x0000000114def000 	/Library/Java/JavaVirtualMachines/jdk1.8.0_241.jdk/Contents/Home/jre/lib/libnio.dylib
0x0000000114efa000 	/Library/Java/JavaVirtualMachines/jdk1.8.0_241.jdk/Contents/Home/jre/lib/libnet.dylib
0x0000000114dcb000 	/Library/Java/JavaVirtualMachines/jdk1.8.0_241.jdk/Contents/Home/jre/lib/libmanagement.dylib
0x0000000114e83000 	/Library/Java/JavaVirtualMachines/jdk1.8.0_241.jdk/Contents/Home/jre/lib/libsunec.dylib

VM Arguments:
jvm_args: -agentlib:jdwp=transport=dt_socket,address=127.0.0.1:60345,suspend=y,server=n -ea -Didea.test.cyclic.buffer.size=1048576 -javaagent:/Users/jypsnewmac/Library/Caches/IntelliJIdea2019.3/groovyHotSwap/gragent.jar -Dfile.encoding=UTF-8 
java_command: com.intellij.rt.junit.JUnitStarter -ideVersion5 -junit5 dev.codesquad.airbnb02.user.business.UserServiceTest,즐겨찾기가_취소된다
java_class_path (initial): /Applications/IntelliJ IDEA.app/Contents/lib/idea_rt.jar:/Applications/IntelliJ IDEA.app/Contents/plugins/junit/lib/junit5-rt.jar:/Applications/IntelliJ IDEA.app/Contents/plugins/junit/lib/junit-rt.jar:/Library/Java/JavaVirtualMachines/jdk1.8.0_241.jdk/Contents/Home/jre/lib/charsets.jar:/Library/Java/JavaVirtualMachines/jdk1.8.0_241.jdk/Contents/Home/jre/lib/deploy.jar:/Library/Java/JavaVirtualMachines/jdk1.8.0_241.jdk/Contents/Home/jre/lib/ext/cldrdata.jar:/Library/Java/JavaVirtualMachines/jdk1.8.0_241.jdk/Contents/Home/jre/lib/ext/dnsns.jar:/Library/Java/JavaVirtualMachines/jdk1.8.0_241.jdk/Contents/Home/jre/lib/ext/jaccess.jar:/Library/Java/JavaVirtualMachines/jdk1.8.0_241.jdk/Contents/Home/jre/lib/ext/jfxrt.jar:/Library/Java/JavaVirtualMachines/jdk1.8.0_241.jdk/Contents/Home/jre/lib/ext/localedata.jar:/Library/Java/JavaVirtualMachines/jdk1.8.0_241.jdk/Contents/Home/jre/lib/ext/nashorn.jar:/Library/Java/JavaVirtualMachines/jdk1.8.0_241.jdk/Contents/Home/jre/lib/ext/sunec.jar:/Library/Java/JavaVirtualMachines/jdk1.8.0_241.jdk/Contents/Home/jre/lib/ext/sunjce_provider.jar:/Library/Java/JavaVirtualMachines/jdk1.8.0_241.jdk/Contents/Home/jre/lib/ext/sunpkcs11.jar:/Library/Java/JavaVirtualMachines/jdk1.8.0_241.jdk/Contents/Home/jre/lib/ext/zipfs.jar:/Library/Java/JavaVirtualMachines/jdk1.8.0_241.jdk/Contents/Home/jre/lib/javaws.jar:/Library/Java/JavaVirtualMachines/jdk1.8.0_241.jdk/Contents/Home/jre/lib/jce.jar:/Library/Java/JavaVirtualMachines/jdk1.8.0_241.jdk/Contents/Home/jre/lib/jfr.jar:/Library/Java/JavaVirtualMachines/jdk1.8.0_241.jdk/Contents/Home/jre/lib/jfxswt.jar:/Library/Java/JavaVirtualMachines/jdk1.8.0_241.jdk/Contents/Home/jre/lib/jsse.jar:/Library/Java/JavaVirtualMachines/jdk1.8.0_241.jdk/Contents/Home/jre/lib/management-agent.jar:/Library/Java/JavaVirtualMachines/jdk1.8.0_241.jdk/Contents/Home/jre/lib/plugin.jar:/Library/Java/JavaVirtualMachines/jdk1.8.0_241.jdk/Contents/Home/jre/lib/resources.jar:/Library/Java/JavaVirtualM
Launcher Type: SUN_STANDARD

Environment Variables:
PATH=/usr/local/bin:/usr/bin:/bin:/usr/sbin:/sbin:/Library/Apple/usr/bin:/Library/Apple/bin:/Library/Frameworks/Mono.framework/Versions/Current/Commands
SHELL=/bin/zsh

Signal Handlers:
SIGSEGV: [libjvm.dylib+0x5bd1a7], sa_mask[0]=11111111011111110111111111111111, sa_flags=SA_ONSTACK|SA_RESTART|SA_SIGINFO
SIGBUS: [libjvm.dylib+0x5bd1a7], sa_mask[0]=11111111011111110111111111111111, sa_flags=SA_RESTART|SA_SIGINFO
SIGFPE: [libjvm.dylib+0x48e178], sa_mask[0]=11111111011111110111111111111111, sa_flags=SA_RESTART|SA_SIGINFO
SIGPIPE: [libjvm.dylib+0x48e178], sa_mask[0]=11111111011111110111111111111111, sa_flags=SA_RESTART|SA_SIGINFO
SIGXFSZ: [libjvm.dylib+0x48e178], sa_mask[0]=11111111011111110111111111111111, sa_flags=SA_RESTART|SA_SIGINFO
SIGILL: [libjvm.dylib+0x48e178], sa_mask[0]=11111111011111110111111111111111, sa_flags=SA_RESTART|SA_SIGINFO
SIGUSR1: SIG_DFL, sa_mask[0]=00000000000000000000000000000000, sa_flags=none
SIGUSR2: [libjvm.dylib+0x48dc96], sa_mask[0]=00100000000000000000000000000000, sa_flags=SA_RESTART|SA_SIGINFO
SIGHUP: [libjvm.dylib+0x48c221], sa_mask[0]=11111111011111110111111111111111, sa_flags=SA_RESTART|SA_SIGINFO
SIGINT: [libjvm.dylib+0x48c221], sa_mask[0]=11111111011111110111111111111111, sa_flags=SA_RESTART|SA_SIGINFO
SIGTERM: [libjvm.dylib+0x48c221], sa_mask[0]=11111111011111110111111111111111, sa_flags=SA_RESTART|SA_SIGINFO
SIGQUIT: [libjvm.dylib+0x48c221], sa_mask[0]=11111111011111110111111111111111, sa_flags=SA_RESTART|SA_SIGINFO


---------------  S Y S T E M  ---------------

OS:Bsduname:Darwin 19.0.0 Darwin Kernel Version 19.0.0: Wed Sep 25 20:18:50 PDT 2019; root:xnu-6153.11.26~2/RELEASE_X86_64 x86_64
rlimit: STACK 8192k, CORE 0k, NPROC 1392, NOFILE 10240, AS infinity
load average:3.33 5.66 6.75

CPU:total 4 (initial active 4) (2 cores per cpu, 2 threads per core) family 6 model 142 stepping 9, cmov, cx8, fxsr, mmx, sse, sse2, sse3, ssse3, sse4.1, sse4.2, popcnt, avx, avx2, aes, clmul, erms, 3dnowpref, lzcnt, ht, tsc, tscinvbit, bmi1, bmi2, adx

Memory: 4k page, physical 8388608k(363716k free)

/proc/meminfo:


vm_info: Java HotSpot(TM) 64-Bit Server VM (25.241-b07) for bsd-amd64 JRE (1.8.0_241-b07), built on Dec 11 2019 02:29:59 by "java_re" with gcc 4.2.1 (Based on Apple Inc. build 5658) (LLVM build 2336.11.00)

time: Thu May 28 18:48:09 2020
timezone: KST
elapsed time: 227 seconds (0d 0h 3m 47s)

